D:\srv03rtm\public\sdk\inc\oleacc.h d:\srv03rtm\windows\published obj\i386\oleacc.h 1707995649 
D:\srv03rtm\public\sdk\inc\winuser.inl d:\srv03rtm\windows\published obj\i386\winuser.inl 1707995649 
D:\srv03rtm\public\sdk\inc\msaatext.h d:\srv03rtm\windows\published obj\i386\msaatext.h 1707995649 
D:\srv03rtm\public\sdk\inc\msctf.h d:\srv03rtm\windows\advcore\ctf\inc obj\i386\msctf.h 1707995661 
D:\srv03rtm\public\sdk\inc\ctfutb.h d:\srv03rtm\windows\advcore\ctf\inc obj\i386\ctfutb.h 1707995661 
D:\srv03rtm\public\sdk\inc\ctffunc.h d:\srv03rtm\windows\advcore\ctf\inc obj\i386\ctffunc.h 1707995661 
D:\srv03rtm\public\sdk\inc\textstor.h d:\srv03rtm\windows\advcore\ctf\inc obj\i386\textstor.h 1707995661 
D:\srv03rtm\public\sdk\inc\ctfspui.h d:\srv03rtm\windows\advcore\ctf\inc obj\i386\ctfspui.h 1707995661 
D:\srv03rtm\public\internal\Windows\inc\msctfp.h d:\srv03rtm\windows\advcore\ctf\inc_priv obj\i386\msctfp.h 1707995663 
D:\srv03rtm\public\internal\Windows\inc\aimm12.h d:\srv03rtm\windows\advcore\ctf\aimm1.2\uuid obj\i386\aimm12.h 1707995664 
D:\srv03rtm\public\internal\Windows\inc\aimmex.h d:\srv03rtm\windows\advcore\ctf\aimm1.2\uuid obj\i386\aimmex.h 1707995664 
D:\srv03rtm\public\sdk\inc\ntexapi.h d:\srv03rtm\base\published ntexapi_h.w 1707995668 
D:\srv03rtm\public\sdk\inc\ntpsapi.h d:\srv03rtm\base\published ntpsapi.w 1707995668 
D:\srv03rtm\public\internal\Base\inc\sertlp.h d:\srv03rtm\base\published sertlp.w 1707995668 
D:\srv03rtm\public\internal\base\inc\wow64reg.h d:\srv03rtm\base\published wow64reg.w 1707995668 
D:\srv03rtm\public\internal\base\inc\x86mboot.h d:\srv03rtm\base\published x86mboot.w 1707995668 
D:\srv03rtm\public\internal\Base\inc\ntstatus.dbg d:\srv03rtm\base\published obj\i386\ntstatus.dbg 1707995668 
D:\srv03rtm\public\sdk\inc\winbase.inl d:\srv03rtm\base\published obj\i386\winbase.inl 1707995668 
D:\srv03rtm\public\internal\Base\inc\winerror.dbg d:\srv03rtm\base\published obj\i386\winerror.dbg 1707995668 
D:\srv03rtm\public\sdk\inc\crt\exception d:\srv03rtm\base\crts\libw32\inc64 exception 1707995672 
D:\srv03rtm\public\ddk\inc\ntddk.h d:\srv03rtm\base\ntos obj\i386\ntddk.h 1707995672 
D:\srv03rtm\public\halkit\inc\nthal.h d:\srv03rtm\base\ntos obj\i386\nthal.h 1707995673 
D:\srv03rtm\public\ifskit\inc\ntifs.h d:\srv03rtm\base\ntos obj\i386\ntifs.h 1707995673 
D:\srv03rtm\public\sdk\inc\bootefs.h d:\srv03rtm\base\boot\bootcode\etfs obj\i386\bootefs.h 1707995677 
D:\srv03rtm\public\sdk\inc\cluadmex.h d:\srv03rtm\base\cluster\admin\types\idl obj\i386\cluadmex.h 1707995705 
D:\srv03rtm\public\sdk\inc\cladmwiz.h d:\srv03rtm\base\cluster\admin\cladmwiz\types\idl obj\i386\cladmwiz.h 1707995706 
D:\srv03rtm\public\sdk\inc\ClusCfgServer.h d:\srv03rtm\base\cluster\mgmt\cluscfg\inc obj\i386\ClusCfgServer.h 1707995707 
D:\srv03rtm\public\internal\base\inc\ClusCfgClient.h d:\srv03rtm\base\cluster\mgmt\cluscfg\inc obj\i386\ClusCfgClient.h 1707995707 
D:\srv03rtm\public\sdk\inc\ClusCfgWizard.h d:\srv03rtm\base\cluster\mgmt\cluscfg\inc obj\i386\ClusCfgWizard.h 1707995707 
D:\srv03rtm\public\sdk\inc\MSClus.h d:\srv03rtm\base\cluster\admin\msclus obj\i386\MSClus.h 1707995707 
D:\srv03rtm\public\sdk\inc\mstask.h d:\srv03rtm\admin\published\mstask obj\i386\mstask.h 1707995708 
D:\srv03rtm\public\internal\Admin\inc\FileMgmt.h d:\srv03rtm\admin\published\snapin obj\i386\FileMgmt.h 1707995708 
D:\srv03rtm\public\sdk\inc\mmc.h d:\srv03rtm\admin\published\mmc obj\i386\mmc.h 1707995709 
D:\srv03rtm\public\sdk\inc\mmcobj.h d:\srv03rtm\admin\published\mmc obj\i386\mmcobj.h 1707995709 
D:\srv03rtm\public\internal\Admin\inc\SchemaManager.h d:\srv03rtm\admin\published\wmiscmgr obj\i386\SchemaManager.h 1707995709 
D:\srv03rtm\public\sdk\inc\AtSvc.h d:\srv03rtm\admin\services\sched\idl obj\i386\atsvc.h 1707995710 
D:\srv03rtm\public\sdk\inc\SASecRPC.h d:\srv03rtm\admin\services\sched\idl obj\i386\SASecRPC.h 1707995710 
D:\srv03rtm\public\sdk\inc\qmgr.h d:\srv03rtm\admin\services\drizzle\idl obj\i386\qmgr.h 1707995711 
D:\srv03rtm\public\sdk\inc\bits.h d:\srv03rtm\admin\services\drizzle\idl obj\i386\bits.h 1707995711 
D:\srv03rtm\public\sdk\inc\bits1_5.h d:\srv03rtm\admin\services\drizzle\idl15 obj\i386\bits1_5.h 1707995712 
D:\srv03rtm\public\internal\Admin\inc\bitstest.h d:\srv03rtm\admin\services\drizzle\idl15 obj\i386\bitstest.h 1707995712 
D:\srv03rtm\public\sdk\inc\bitscfg.h d:\srv03rtm\admin\services\drizzle\server\idl obj\i386\bitscfg.h 1707995713 
D:\srv03rtm\public\sdk\inc\isysmon.h d:\srv03rtm\admin\controls\smonctrl obj\i386\isysmon.h 1707995713 
D:\srv03rtm\public\sdk\inc\wbemcli.h d:\srv03rtm\admin\wmi\wbem\common\idl\wbemuuid obj\i386\wbemcli.h 1707995717 
D:\srv03rtm\public\sdk\inc\wbemdisp.h d:\srv03rtm\admin\wmi\wbem\common\idl\wbemuuid obj\i386\wbemdisp.h 1707995717 
D:\srv03rtm\public\sdk\inc\wbemprov.h d:\srv03rtm\admin\wmi\wbem\common\idl\wbemuuid obj\i386\wbemprov.h 1707995717 
D:\srv03rtm\public\sdk\inc\wbemtran.h d:\srv03rtm\admin\wmi\wbem\common\idl\wbemuuid obj\i386\wbemtran.h 1707995717 
D:\srv03rtm\public\sdk\inc\wbemdcpl.h d:\srv03rtm\admin\wmi\wbem\common\idl\wbemuuid obj\i386\wbemdcpl.h 1707995717 
D:\srv03rtm\public\sdk\inc\wmiutils.h d:\srv03rtm\admin\wmi\wbem\common\idl\wbemuuid obj\i386\wmiutils.h 1707995717 
D:\srv03rtm\public\sdk\inc\wbemads.h d:\srv03rtm\admin\wmi\wbem\common\idl\wbemuuid obj\i386\wbemads.h 1707995717 
D:\srv03rtm\public\sdk\inc\HelpServiceInterfaces.h d:\srv03rtm\admin\pchealth\helpctr\service\include D:\srv03rtm\Admin\pchealth\HelpCtr\target\obj\i386\HelpServiceTypeLib.h 1707995724 
D:\srv03rtm\public\sdk\lib\i386\HelpServiceInterfaces.tlb d:\srv03rtm\admin\pchealth\helpctr\service\include D:\srv03rtm\Admin\pchealth\HelpCtr\target\obj\i386\HelpServiceTypeLib.tlb 1707995724 
D:\srv03rtm\public\sdk\inc\HelpCenterInterfaces.h d:\srv03rtm\admin\pchealth\helpctr\shell\include D:\srv03rtm\Admin\pchealth\HelpCtr\target\obj\i386\HelpCenterTypeLib.h 1707995727 
D:\srv03rtm\public\sdk\lib\i386\HelpCenterInterfaces.tlb d:\srv03rtm\admin\pchealth\helpctr\shell\include D:\srv03rtm\Admin\pchealth\HelpCtr\target\obj\i386\HelpCenterTypeLib.tlb 1707995727 
D:\srv03rtm\public\internal\Admin\inc\rassistance.h d:\srv03rtm\admin\pchealth\helpctr\rc\racpldlg D:\srv03rtm\Admin\pchealth\HelpCtr\target\obj\i386\rassistance.h 1707995728 
D:\srv03rtm\public\internal\Admin\inc\rassistance_i.c d:\srv03rtm\admin\pchealth\helpctr\rc\racpldlg D:\srv03rtm\Admin\pchealth\HelpCtr\target\obj\i386\rassistance_i.c 1707995728 
D:\srv03rtm\public\internal\Admin\inc\SAFSessionResolver_i.c d:\srv03rtm\admin\pchealth\helpctr\rc\sessres obj\i386\SAFSessionResolver_i.c 1707995729 
D:\srv03rtm\public\internal\Admin\inc\SAFSessionResolver.h d:\srv03rtm\admin\pchealth\helpctr\rc\sessres obj\i386\SAFSessionResolver.h 1707995729 
D:\srv03rtm\public\internal\Admin\lib\i386\SAFSessionResolver.tlb d:\srv03rtm\admin\pchealth\helpctr\rc\sessres obj\i386\SAFSessionResolver.tlb 1707995729 
D:\srv03rtm\public\sdk\inc\xenroll.h d:\srv03rtm\ds\security\cryptoapi\pki\activex\xenroll obj\i386\xenroll.h 1707995746 
D:\srv03rtm\public\sdk\inc\certreqd.h d:\srv03rtm\ds\security\services\ca\idl\dcom ..\..\include\obj\i386\certreqd.h 1707995749 
D:\srv03rtm\public\sdk\inc\certadm.h d:\srv03rtm\ds\security\services\ca\idl\com obj\i386\certadm.h 1707995752 
D:\srv03rtm\public\sdk\inc\certbase.h d:\srv03rtm\ds\security\services\ca\idl\com obj\i386\certbase.h 1707995752 
D:\srv03rtm\public\sdk\inc\certcli.h d:\srv03rtm\ds\security\services\ca\idl\com obj\i386\certcli.h 1707995752 
D:\srv03rtm\public\sdk\inc\certdb.h d:\srv03rtm\ds\security\services\ca\idl\com obj\i386\certdb.h 1707995752 
D:\srv03rtm\public\sdk\inc\certenc.h d:\srv03rtm\ds\security\services\ca\idl\com obj\i386\certenc.h 1707995752 
D:\srv03rtm\public\sdk\inc\certexit.h d:\srv03rtm\ds\security\services\ca\idl\com obj\i386\certexit.h 1707995752 
D:\srv03rtm\public\sdk\inc\certif.h d:\srv03rtm\ds\security\services\ca\idl\com obj\i386\certif.h 1707995752 
D:\srv03rtm\public\sdk\inc\certmod.h d:\srv03rtm\ds\security\services\ca\idl\com obj\i386\certmod.h 1707995752 
D:\srv03rtm\public\sdk\inc\certpol.h d:\srv03rtm\ds\security\services\ca\idl\com obj\i386\certpol.h 1707995752 
D:\srv03rtm\public\sdk\inc\certsrvd.h d:\srv03rtm\ds\security\services\ca\idl\com obj\i386\certsrvd.h 1707995752 
D:\srv03rtm\public\sdk\inc\certview.h d:\srv03rtm\ds\security\services\ca\idl\com obj\i386\certview.h 1707995752 
D:\srv03rtm\public\internal\DS\inc\cs.h d:\srv03rtm\ds\security\gina\gpext\appmgmt\idl obj\i386\cs.h 1707995756 
D:\srv03rtm\public\sdk\inc\azroles.h d:\srv03rtm\ds\security\azroles obj\i386\azroles.h 1707995757 
D:\srv03rtm\public\sdk\lib\i386\azroles.tlb d:\srv03rtm\ds\security\azroles obj\i386\azroles.tlb 1707995757 
D:\srv03rtm\public\internal\DS\inc\passport.h d:\srv03rtm\ds\security\passport\passportmanager obj\i386\passport.h 1707995757 
D:\srv03rtm\public\internal\DS\inc\dfs\netdfs.h d:\srv03rtm\ds\netapi\svcdlls\dfs obj\i386\netdfs.h 1707995759 
D:\srv03rtm\public\internal\DS\inc\dfs\netdfs_s.c d:\srv03rtm\ds\netapi\svcdlls\dfs obj\i386\netdfs_s.c 1707995759 
D:\srv03rtm\public\internal\DS\inc\seclogon.h d:\srv03rtm\ds\netapi\svcdlls\seclogon\idl obj\i386\seclogon.h 1707995759 
D:\srv03rtm\public\sdk\inc\iads.h d:\srv03rtm\ds\adsi\types obj\i386\iads.h 1707995760 
D:\srv03rtm\public\internal\DS\inc\iadsp.h d:\srv03rtm\ds\adsi\types obj\i386\iadsp.h 1707995760 
D:\srv03rtm\public\sdk\inc\CommonControls.h d:\srv03rtm\shell\published\inc obj\i386\CommonControls.h 1707995792 
D:\srv03rtm\public\sdk\inc\chanmgr.h d:\srv03rtm\shell\published\inc obj\i386\chanmgr.h 1707995792 
D:\srv03rtm\public\sdk\inc\emptyvc.h d:\srv03rtm\shell\published\inc obj\i386\emptyvc.h 1707995792 
D:\srv03rtm\public\sdk\inc\hliface.h d:\srv03rtm\shell\published\inc obj\i386\hliface.h 1707995792 
D:\srv03rtm\public\internal\Shell\inc\iepriv.h d:\srv03rtm\shell\published\inc obj\i386\iepriv.h 1707995792 
D:\srv03rtm\public\sdk\inc\imapi.h d:\srv03rtm\shell\published\inc obj\i386\imapi.h 1707995792 
D:\srv03rtm\public\sdk\inc\mlang.h d:\srv03rtm\shell\published\inc obj\i386\mlang.h 1707995792 
D:\srv03rtm\public\internal\Shell\inc\msident.h d:\srv03rtm\shell\published\inc obj\i386\msident.h 1707995792 
D:\srv03rtm\public\sdk\inc\shappmgr.h d:\srv03rtm\shell\published\inc obj\i386\shappmgr.h 1707995792 
D:\srv03rtm\public\internal\Shell\inc\shgina.h d:\srv03rtm\shell\published\inc obj\i386\shgina.h 1707995792 
D:\srv03rtm\public\internal\Shell\inc\shimgdata.h d:\srv03rtm\shell\published\inc obj\i386\shimgdata.h 1707995792 
D:\srv03rtm\public\sdk\inc\shldisp.h d:\srv03rtm\shell\published\inc obj\i386\shldisp.h 1707995792 
D:\srv03rtm\public\sdk\inc\shobjidl.h d:\srv03rtm\shell\published\inc obj\i386\shobjidl_pub.h 1707995792 
D:\srv03rtm\public\internal\Shell\inc\shpriv.h d:\srv03rtm\shell\published\inc obj\i386\shpriv.h 1707995792 
D:\srv03rtm\public\sdk\inc\shtypes.h d:\srv03rtm\shell\published\inc obj\i386\shtypes.h 1707995792 
D:\srv03rtm\public\internal\Shell\inc\tlog.h d:\srv03rtm\shell\published\inc obj\i386\tlog.h 1707995792 
D:\srv03rtm\public\sdk\inc\tlogstg.h d:\srv03rtm\shell\published\inc obj\i386\tlogstg.h 1707995792 
D:\srv03rtm\public\internal\Shell\inc\vrsscan.h d:\srv03rtm\shell\published\inc obj\i386\vrsscan.h 1707995792 
D:\srv03rtm\public\internal\Shell\inc\shappmgrp.h d:\srv03rtm\shell\cpls\appwzdui\winnt obj\i386\shappmgrp.h 1707995797 
D:\srv03rtm\public\sdk\inc\activaut.h d:\srv03rtm\inetcore\published\inc obj\i386\activaut.h 1707995825 
D:\srv03rtm\public\sdk\inc\activdbg.h d:\srv03rtm\inetcore\published\inc obj\i386\activdbg.h 1707995825 
D:\srv03rtm\public\sdk\inc\activscp.h d:\srv03rtm\inetcore\published\inc obj\i386\activscp.h 1707995825 
D:\srv03rtm\public\sdk\inc\AutoDiscovery.h d:\srv03rtm\inetcore\published\inc obj\i386\AutoDiscovery.h 1707995825 
D:\srv03rtm\public\sdk\lib\i386\AutoDiscovery.tlb d:\srv03rtm\inetcore\published\inc obj\i386\AutoDiscovery.tlb 1707995825 
D:\srv03rtm\public\sdk\inc\callback.h d:\srv03rtm\inetcore\published\inc obj\i386\callback.h 1707995825 
D:\srv03rtm\public\sdk\inc\dbgprop.h d:\srv03rtm\inetcore\published\inc obj\i386\dbgprop.h 1707995825 
D:\srv03rtm\public\sdk\inc\dimm.h d:\srv03rtm\inetcore\published\inc obj\i386\dimm.h 1707995825 
D:\srv03rtm\public\sdk\inc\dispex.h d:\srv03rtm\inetcore\published\inc obj\i386\dispex.h 1707995825 
D:\srv03rtm\public\sdk\inc\dlmgridl.h d:\srv03rtm\inetcore\published\inc obj\i386\dlmgridl.h 1707995825 
D:\srv03rtm\public\sdk\inc\docobj.h d:\srv03rtm\inetcore\published\inc obj\i386\docobj.h 1707995825 
D:\srv03rtm\public\sdk\inc\dslisten.h d:\srv03rtm\inetcore\published\inc obj\i386\dslisten.h 1707995825 
D:\srv03rtm\public\sdk\inc\dwnnot.h d:\srv03rtm\inetcore\published\inc obj\i386\dwnnot.h 1707995825 
D:\srv03rtm\public\sdk\inc\exdisp.h d:\srv03rtm\inetcore\published\inc obj\i386\exdisp.h 1707995825 
D:\srv03rtm\public\sdk\inc\htiface.h d:\srv03rtm\inetcore\published\inc obj\i386\htiface.h 1707995825 
D:\srv03rtm\public\sdk\inc\htiframe.h d:\srv03rtm\inetcore\published\inc obj\i386\htiframe.h 1707995825 
D:\srv03rtm\public\sdk\inc\htmlfilter.h d:\srv03rtm\inetcore\published\inc obj\i386\htmlfilter.h 1707995825 
D:\srv03rtm\public\sdk\inc\iedial.h d:\srv03rtm\inetcore\published\inc obj\i386\iedial.h 1707995825 
D:\srv03rtm\public\sdk\inc\dxtrans.h d:\srv03rtm\inetcore\published\inc obj\i386\dxtrans.h 1707995825 
D:\srv03rtm\public\sdk\lib\i386\dxtrans.tlb d:\srv03rtm\inetcore\published\inc obj\i386\dxtrans.tlb 1707995825 
D:\srv03rtm\public\internal\InetCore\inc\dxtransp.h d:\srv03rtm\inetcore\published\inc obj\i386\dxtransp.h 1707995825 
D:\srv03rtm\public\internal\InetCore\lib\i386\dxtransp.tlb d:\srv03rtm\inetcore\published\inc obj\i386\dxtransp.tlb 1707995825 
D:\srv03rtm\public\sdk\inc\dxtmsft.h d:\srv03rtm\inetcore\published\inc obj\i386\dxtmsft.h 1707995825 
D:\srv03rtm\public\sdk\inc\dxtmsft3guid.h d:\srv03rtm\inetcore\published\inc obj\i386\dxtmsft3_i.c 1707995825 
D:\srv03rtm\public\internal\InetCore\inc\dxtranspguid.h d:\srv03rtm\inetcore\published\inc obj\i386\dxtransp_i.c 1707995825 
D:\srv03rtm\public\internal\InetCore\inc\httprequest.h d:\srv03rtm\inetcore\published\inc obj\i386\httprequest.h 1707995825 
D:\srv03rtm\public\internal\InetCore\inc\httprequest_i.c d:\srv03rtm\inetcore\published\inc obj\i386\httprequest_i.c 1707995825 
D:\srv03rtm\public\sdk\inc\iextag.h d:\srv03rtm\inetcore\published\inc obj\i386\iextag.h 1707995825 
D:\srv03rtm\public\sdk\inc\imgutil.h d:\srv03rtm\inetcore\published\inc obj\i386\imgutil.h 1707995825 
D:\srv03rtm\public\sdk\inc\mstime.h d:\srv03rtm\inetcore\published\inc obj\i386\mstime.h 1707995825 
D:\srv03rtm\public\sdk\inc\imnact.h d:\srv03rtm\inetcore\published\inc obj\i386\imnact.h 1707995825 
D:\srv03rtm\public\sdk\inc\imnxport.h d:\srv03rtm\inetcore\published\inc obj\i386\imnxport.h 1707995825 
D:\srv03rtm\public\sdk\inc\inetsdk.h d:\srv03rtm\inetcore\published\inc obj\i386\inetsdk.h 1707995825 
D:\srv03rtm\public\internal\InetCore\inc\interned.h d:\srv03rtm\inetcore\published\inc obj\i386\interned.h 1707995825 
D:\srv03rtm\public\sdk\inc\mimeedit.h d:\srv03rtm\inetcore\published\inc obj\i386\mimeedit.h 1707995825 
D:\srv03rtm\public\sdk\inc\mimeinfo.h d:\srv03rtm\inetcore\published\inc obj\i386\mimeinfo.h 1707995825 
D:\srv03rtm\public\sdk\inc\mimeole.h d:\srv03rtm\inetcore\published\inc obj\i386\mimeole.h 1707995825 
D:\srv03rtm\public\sdk\inc\mshtmhst.h d:\srv03rtm\inetcore\published\inc obj\i386\mshtmhst.h 1707995825 
D:\srv03rtm\public\sdk\inc\mshtmlc.h d:\srv03rtm\inetcore\published\inc obj\i386\mshtml.h 1707995825 
D:\srv03rtm\public\sdk\inc\mshtml.h d:\srv03rtm\inetcore\published\inc obj\i386\mshtmlcpp.h 1707995825 
D:\srv03rtm\public\sdk\inc\msnotify.h d:\srv03rtm\inetcore\published\inc obj\i386\msnotify.h 1707995825 
D:\srv03rtm\public\sdk\inc\msoeapi.h d:\srv03rtm\inetcore\published\inc obj\i386\msoeapi.h 1707995825 
D:\srv03rtm\public\sdk\inc\notftn.h d:\srv03rtm\inetcore\published\inc obj\i386\notftn.h 1707995825 
D:\srv03rtm\public\sdk\inc\objsafe.h d:\srv03rtm\inetcore\published\inc obj\i386\objsafe.h 1707995825 
D:\srv03rtm\public\sdk\inc\ocmm.h d:\srv03rtm\inetcore\published\inc obj\i386\ocmm.h 1707995825 
D:\srv03rtm\public\sdk\inc\omscript.h d:\srv03rtm\inetcore\published\inc obj\i386\omscript.h 1707995825 
D:\srv03rtm\public\sdk\inc\optary.h d:\srv03rtm\inetcore\published\inc obj\i386\optary.h 1707995825 
D:\srv03rtm\public\sdk\inc\perhist.h d:\srv03rtm\inetcore\published\inc obj\i386\perhist.h 1707995825 
D:\srv03rtm\public\sdk\inc\prgsnk.h d:\srv03rtm\inetcore\published\inc obj\i386\prgsnk.h 1707995825 
D:\srv03rtm\public\internal\InetCore\inc\ratingsp.h d:\srv03rtm\inetcore\published\inc obj\i386\ratingsp.h 1707995825 
D:\srv03rtm\public\sdk\inc\recalc.h d:\srv03rtm\inetcore\published\inc obj\i386\recalc.h 1707995825 
D:\srv03rtm\public\sdk\inc\safeocx.h d:\srv03rtm\inetcore\published\inc obj\i386\safeocx.h 1707995825 
D:\srv03rtm\public\sdk\inc\servprov.h d:\srv03rtm\inetcore\published\inc obj\i386\servprov.h 1707995825 
D:\srv03rtm\public\sdk\inc\subsmgr.h d:\srv03rtm\inetcore\published\inc obj\i386\subsmgr.h 1707995825 
D:\srv03rtm\public\sdk\inc\urlhist.h d:\srv03rtm\inetcore\published\inc obj\i386\urlhist.h 1707995825 
D:\srv03rtm\public\sdk\inc\urlmki.h d:\srv03rtm\inetcore\published\inc obj\i386\urlmki.h 1707995825 
D:\srv03rtm\public\sdk\inc\urlmon.h d:\srv03rtm\inetcore\published\inc obj\i386\urlmon.h 1707995825 
D:\srv03rtm\public\sdk\inc\urltrack.h d:\srv03rtm\inetcore\published\inc obj\i386\urltrack.h 1707995825 
D:\srv03rtm\public\sdk\inc\vervec.h d:\srv03rtm\inetcore\published\inc obj\i386\vervec.h 1707995825 
D:\srv03rtm\public\sdk\inc\webcheck.h d:\srv03rtm\inetcore\published\inc obj\i386\webcheck.h 1707995825 
D:\srv03rtm\public\sdk\lib\i386\exdisp.tlb d:\srv03rtm\inetcore\published\inc obj\i386\exdisp.tlb 1707995825 
D:\srv03rtm\public\internal\InetCore\lib\i386\httprequest.tlb d:\srv03rtm\inetcore\published\inc obj\i386\httprequest.tlb 1707995825 
D:\srv03rtm\public\sdk\lib\i386\iextag.tlb d:\srv03rtm\inetcore\published\inc obj\i386\iextag.tlb 1707995825 
D:\srv03rtm\public\sdk\lib\i386\mshtml.tlb d:\srv03rtm\inetcore\published\inc obj\i386\mshtml.tlb 1707995825 
D:\srv03rtm\public\sdk\lib\i386\omscript.tlb d:\srv03rtm\inetcore\published\inc obj\i386\omscript.tlb 1707995825 
D:\srv03rtm\public\sdk\lib\i386\subsmgr.tlb d:\srv03rtm\inetcore\published\inc obj\i386\subsmgr.tlb 1707995825 
D:\srv03rtm\public\sdk\lib\i386\webcheck.tlb d:\srv03rtm\inetcore\published\inc obj\i386\webcheck.tlb 1707995825 
D:\srv03rtm\public\sdk\lib\i386\dxtmsft.tlb d:\srv03rtm\inetcore\published\inc obj\i386\dxtmsft.tlb 1707995825 
D:\srv03rtm\public\sdk\lib\i386\dxtmsft3.tlb d:\srv03rtm\inetcore\published\inc obj\i386\dxtmsft3.tlb 1707995825 
D:\srv03rtm\public\sdk\inc\downloadmgr.h d:\srv03rtm\inetcore\published\inc obj\i386\downloadmgr.h 1707995825 
D:\srv03rtm\public\sdk\lib\i386\mstime.tlb d:\srv03rtm\inetcore\published\inc obj\i386\mstime.tlb 1707995825 
D:\srv03rtm\public\sdk\inc\callobj.h d:\srv03rtm\com\published\idlole\idl obj\i386\callobj.h 1707995837 
D:\srv03rtm\public\sdk\inc\ctxtcall.h d:\srv03rtm\com\published\idlole\idl obj\i386\ctxtcall.h 1707995837 
D:\srv03rtm\public\sdk\inc\iaccess.h d:\srv03rtm\com\published\idlole\idl obj\i386\iaccess.h 1707995837 
D:\srv03rtm\public\sdk\inc\immact.h d:\srv03rtm\com\published\idlole\idl obj\i386\immact.h 1707995837 
D:\srv03rtm\public\sdk\inc\oaidl.h d:\srv03rtm\com\published\idlole\idl obj\i386\oaidl.h 1707995837 
D:\srv03rtm\public\sdk\inc\obase.h d:\srv03rtm\com\published\idlole\idl obj\i386\obase.h 1707995837 
D:\srv03rtm\public\sdk\inc\objidl.h d:\srv03rtm\com\published\idlole\idl obj\i386\objidl.h 1707995837 
D:\srv03rtm\public\sdk\inc\ocidl.h d:\srv03rtm\com\published\idlole\idl obj\i386\ocidl.h 1707995837 
D:\srv03rtm\public\sdk\inc\oleidl.h d:\srv03rtm\com\published\idlole\idl obj\i386\oleidl.h 1707995837 
D:\srv03rtm\public\sdk\inc\pbagex.h d:\srv03rtm\com\published\idlole\idl obj\i386\pbagex.h 1707995837 
D:\srv03rtm\public\sdk\inc\propidl.h d:\srv03rtm\com\published\idlole\idl obj\i386\propidl.h 1707995837 
D:\srv03rtm\public\sdk\inc\storext.h d:\srv03rtm\com\published\idlole\idl obj\i386\storext.h 1707995837 
D:\srv03rtm\public\sdk\inc\unknwn.h d:\srv03rtm\com\published\idlole\idl obj\i386\unknwn.h 1707995837 
D:\srv03rtm\public\sdk\inc\wtypes.h d:\srv03rtm\com\published\idlole\idl obj\i386\wtypes.h 1707995837 
D:\srv03rtm\public\sdk\inc\oleext.h d:\srv03rtm\com\published\idlole\oleext obj\i386\oleext.h 1707995838 
D:\srv03rtm\public\sdk\inc\sysmgmt.h d:\srv03rtm\com\published\idlole\sysmgmt obj\i386\sysmgmt.h 1707995838 
D:\srv03rtm\public\sdk\inc\trk.h d:\srv03rtm\com\published\idlole\tracking obj\i386\trk.h 1707995838 
D:\srv03rtm\public\sdk\inc\trkwks.h d:\srv03rtm\com\published\idlole\tracking obj\i386\trkwks.h 1707995838 
D:\srv03rtm\public\sdk\inc\trksvr.h d:\srv03rtm\com\published\idlole\tracking obj\i386\trksvr.h 1707995838 
D:\srv03rtm\public\internal\COM\inc\trkwks_s.c d:\srv03rtm\com\published\idlole\tracking obj\i386\trkwks_s.c 1707995838 
D:\srv03rtm\public\internal\COM\inc\trkwks_c.c d:\srv03rtm\com\published\idlole\tracking obj\i386\trkwks_c.c 1707995838 
D:\srv03rtm\public\internal\COM\inc\trksvr_s.c d:\srv03rtm\com\published\idlole\tracking obj\i386\trksvr_s.c 1707995838 
D:\srv03rtm\public\internal\COM\inc\trksvr_c.c d:\srv03rtm\com\published\idlole\tracking obj\i386\trksvr_c.c 1707995838 
D:\srv03rtm\public\sdk\inc\comcat.h d:\srv03rtm\com\published\idlole\genxie obj\i386\comcat.h 1707995839 
D:\srv03rtm\public\sdk\inc\mobsync.h d:\srv03rtm\com\published\idlole\genxie obj\i386\mobsync.h 1707995839 
D:\srv03rtm\public\sdk\inc\mobsyncp.h d:\srv03rtm\com\published\idlole\genxie obj\i386\mobsyncp.h 1707995839 
D:\srv03rtm\public\sdk\inc\sensevts.h d:\srv03rtm\com\published\idlole\genxie obj\i386\sensevts.h 1707995839 
D:\srv03rtm\public\sdk\lib\i386\sensevts.tlb d:\srv03rtm\com\published\idlole\genxie obj\i386\sensevts.tlb 1707995839 
D:\srv03rtm\public\sdk\inc\syncmgr.h d:\srv03rtm\com\published\idlole\genxie obj\i386\syncmgr.h 1707995839 
D:\srv03rtm\public\internal\COM\inc\eeinfo.h d:\srv03rtm\com\rpc\runtime\rtifs obj\i386\eeinfo.h 1707995839 
D:\srv03rtm\public\internal\COM\inc\activate.h d:\srv03rtm\com\ole32\idl\private\daytona obj\i386\activate.h 1707995842 
D:\srv03rtm\public\internal\COM\inc\catalog.h d:\srv03rtm\com\ole32\idl\private\daytona obj\i386\catalog.h 1707995842 
D:\srv03rtm\public\internal\COM\inc\contxt.h d:\srv03rtm\com\ole32\idl\private\daytona obj\i386\contxt.h 1707995842 
D:\srv03rtm\public\internal\COM\inc\iface.h d:\srv03rtm\com\ole32\idl\private\daytona obj\i386\iface.h 1707995842 
D:\srv03rtm\public\internal\COM\inc\machnames.h d:\srv03rtm\com\ole32\idl\private\daytona obj\i386\machnames.h 1707995842 
D:\srv03rtm\public\internal\COM\inc\globalopt.h d:\srv03rtm\com\ole32\idl\private\daytona obj\i386\globalopt.h 1707995842 
D:\srv03rtm\public\internal\COM\inc\partitions.h d:\srv03rtm\com\ole32\idl\private\daytona obj\i386\partitions.h 1707995842 
D:\srv03rtm\public\internal\COM\inc\stackwalk.h d:\srv03rtm\com\ole32\idl\private\daytona obj\i386\stackwalk.h 1707995842 
D:\srv03rtm\public\internal\COM\inc\privact.h d:\srv03rtm\com\ole32\idl\private\daytona obj\i386\privact.h 1707995842 
D:\srv03rtm\public\internal\COM\inc\unisrgt.h d:\srv03rtm\com\ole32\idl\private\daytona obj\i386\unisrgt.h 1707995842 
D:\srv03rtm\public\ddk\inc\scsi.h d:\srv03rtm\drivers\published\ddk\inc scsi.w 1707995847 
D:\srv03rtm\public\ddk\inc\hbapiwmi.h d:\srv03rtm\drivers\published\ddk\inc obj\i386\hbapiwmi.h 1707995848 
D:\srv03rtm\public\sdk\inc\vss.h d:\srv03rtm\drivers\storage\volsnap\vss\idl ..\inc\derived\vss.h 1707995854 
D:\srv03rtm\public\internal\Drivers\inc\vscoordint.h d:\srv03rtm\drivers\storage\volsnap\vss\idl ..\inc\derived\vscoordint.h 1707995854 
D:\srv03rtm\public\internal\Drivers\inc\vsmgmt.h d:\srv03rtm\drivers\storage\volsnap\vss\idl ..\inc\derived\vsmgmt.h 1707995854 
D:\srv03rtm\public\internal\Drivers\inc\vsswprv.h d:\srv03rtm\drivers\storage\volsnap\vss\idl ..\inc\derived\vsswprv.h 1707995854 
D:\srv03rtm\public\sdk\inc\alg.h d:\srv03rtm\net\published\idlole obj\i386\alg.h 1707995863 
D:\srv03rtm\public\sdk\inc\ipmsp.h d:\srv03rtm\net\published\idlole obj\i386\ipmsp.h 1707995863 
D:\srv03rtm\public\sdk\inc\confpriv.h d:\srv03rtm\net\published\idlole obj\i386\confpriv.h 1707995863 
D:\srv03rtm\public\sdk\inc\h323priv.h d:\srv03rtm\net\published\idlole obj\i386\h323priv.h 1707995863 
D:\srv03rtm\public\internal\Net\inc\hnetbcon.h d:\srv03rtm\net\published\idlole obj\i386\hnetbcon.h 1707995863 
D:\srv03rtm\public\internal\Net\inc\hnetcfg.h d:\srv03rtm\net\published\idlole obj\i386\hnetcfg.h 1707995863 
D:\srv03rtm\public\sdk\inc\ih26xcd.h d:\srv03rtm\net\published\idlole obj\i386\ih26xcd.h 1707995863 
D:\srv03rtm\public\sdk\inc\mdhcp.h d:\srv03rtm\net\published\idlole obj\i386\mdhcp.h 1707995863 
D:\srv03rtm\public\sdk\inc\msp.h d:\srv03rtm\net\published\idlole obj\i386\msp.h 1707995863 
D:\srv03rtm\public\sdk\inc\natupnp.h d:\srv03rtm\net\published\idlole obj\i386\natupnp.h 1707995863 
D:\srv03rtm\public\sdk\inc\netcfgn.h d:\srv03rtm\net\published\idlole obj\i386\netcfgn.h 1707995863 
D:\srv03rtm\public\ddk\inc\netcfgn.h d:\srv03rtm\net\published\idlole obj\i386\netcfgn.h 1707995863 
D:\srv03rtm\public\internal\Net\inc\netcfgp.h d:\srv03rtm\net\published\idlole obj\i386\netcfgp.h 1707995863 
D:\srv03rtm\public\sdk\inc\netcfgx.h d:\srv03rtm\net\published\idlole obj\i386\netcfgx.h 1707995863 
D:\srv03rtm\public\ddk\inc\netcfgx.h d:\srv03rtm\net\published\idlole obj\i386\netcfgx.h 1707995863 
D:\srv03rtm\public\sdk\inc\netcon.h d:\srv03rtm\net\published\idlole obj\i386\netcon.h 1707995863 
D:\srv03rtm\public\internal\Net\inc\netconp.h d:\srv03rtm\net\published\idlole obj\i386\netconp.h 1707995863 
D:\srv03rtm\public\sdk\inc\netmon.h d:\srv03rtm\net\published\idlole obj\i386\netmon.h 1707995863 
D:\srv03rtm\public\sdk\inc\rend.h d:\srv03rtm\net\published\idlole obj\i386\rend.h 1707995863 
D:\srv03rtm\public\sdk\inc\sdoias.h d:\srv03rtm\net\published\idlole obj\i386\sdoias.h 1707995863 
D:\srv03rtm\public\sdk\inc\sdpblb.h d:\srv03rtm\net\published\idlole obj\i386\sdpblb.h 1707995863 
D:\srv03rtm\public\sdk\inc\tapi3.h d:\srv03rtm\net\published\idlole obj\i386\tapi3.h 1707995863 
D:\srv03rtm\public\sdk\inc\tapi3cc.h d:\srv03rtm\net\published\idlole obj\i386\tapi3cc.h 1707995863 
D:\srv03rtm\public\sdk\inc\tapi3ds.h d:\srv03rtm\net\published\idlole obj\i386\tapi3ds.h 1707995863 
D:\srv03rtm\public\sdk\inc\tapi3if.h d:\srv03rtm\net\published\idlole obj\i386\tapi3if.h 1707995863 
D:\srv03rtm\public\sdk\inc\termmgr.h d:\srv03rtm\net\published\idlole obj\i386\termmgr.h 1707995863 
D:\srv03rtm\public\sdk\inc\rtccore.h d:\srv03rtm\net\published\idlole obj\i386\rtccore.h 1707995863 
D:\srv03rtm\public\sdk\inc\upnp.h d:\srv03rtm\net\published\idlole obj\i386\upnp.h 1707995863 
D:\srv03rtm\public\sdk\inc\upnphost.h d:\srv03rtm\net\published\idlole obj\i386\upnphost.h 1707995863 
D:\srv03rtm\net\http\inc\obj\i386\httpkrnl.h d:\srv03rtm\net\published\inc obj\i386\httpkrnl.h 1707995866 
D:\srv03rtm\net\http\inc\obj\i386\httppkrnl.h d:\srv03rtm\net\published\inc obj\i386\httppkrnl.h 1707995866 
D:\srv03rtm\public\ddk\inc\ndisguid.h d:\srv03rtm\net\published\inc ndisguid.w 1707995866 
D:\srv03rtm\public\ddk\inc\ntddnlb.h d:\srv03rtm\net\published\inc ntddnlb.w 1707995866 
D:\srv03rtm\public\internal\TermSrv\inc\rdchost_i.c d:\srv03rtm\termsrv\common\remdskidl obj\i386\rdchost_i.c 1707995900 
D:\srv03rtm\public\internal\TermSrv\inc\rdschan_i.c d:\srv03rtm\termsrv\common\remdskidl obj\i386\rdschan_i.c 1707995900 
D:\srv03rtm\public\internal\TermSrv\inc\rdshost_i.c d:\srv03rtm\termsrv\common\remdskidl obj\i386\rdshost_i.c 1707995900 
D:\srv03rtm\public\internal\TermSrv\inc\sessmgr_i.c d:\srv03rtm\termsrv\common\remdskidl obj\i386\sessmgr_i.c 1707995900 
D:\srv03rtm\public\internal\TermSrv\inc\rassistance_i.c d:\srv03rtm\termsrv\common\remdskidl obj\i386\rassistance_i.c 1707995900 
D:\srv03rtm\public\internal\TermSrv\inc\rdchost.h d:\srv03rtm\termsrv\common\remdskidl obj\i386\rdchost.h 1707995900 
D:\srv03rtm\public\internal\TermSrv\inc\rdschan.h d:\srv03rtm\termsrv\common\remdskidl obj\i386\rdschan.h 1707995900 
D:\srv03rtm\public\internal\TermSrv\inc\rdshost.h d:\srv03rtm\termsrv\common\remdskidl obj\i386\rdshost.h 1707995900 
D:\srv03rtm\public\internal\TermSrv\inc\rderror.h d:\srv03rtm\termsrv\common\remdskidl obj\i386\rderror.h 1707995900 
D:\srv03rtm\public\internal\TermSrv\inc\sessmgr.h d:\srv03rtm\termsrv\common\remdskidl obj\i386\sessmgr.h 1707995900 
D:\srv03rtm\public\internal\TermSrv\inc\rassistance.h d:\srv03rtm\termsrv\common\remdskidl obj\i386\rassistance.h 1707995900 
D:\srv03rtm\public\internal\TermSrv\lib\i386\rdshost.tlb d:\srv03rtm\termsrv\common\remdskidl obj\i386\rdshost.tlb 1707995900 
D:\srv03rtm\public\internal\TermSrv\lib\i386\rdchost.tlb d:\srv03rtm\termsrv\common\remdskidl obj\i386\rdchost.tlb 1707995900 
D:\srv03rtm\public\internal\TermSrv\lib\i386\rassistance.tlb d:\srv03rtm\termsrv\common\remdskidl obj\i386\rassistance.tlb 1707995900 
D:\srv03rtm\public\sdk\inc\danim.h d:\srv03rtm\multimedia\published\dxmdev\idl obj\i386\danim.h 1707995908 
D:\srv03rtm\public\sdk\inc\datime.h d:\srv03rtm\multimedia\published\dxmdev\idl obj\i386\datime.h 1707995908 
D:\srv03rtm\public\sdk\lib\i386\danim.tlb d:\srv03rtm\multimedia\published\dxmdev\idl obj\i386\danim.tlb 1707995908 
D:\srv03rtm\public\sdk\lib\i386\datime.tlb d:\srv03rtm\multimedia\published\dxmdev\idl obj\i386\datime.tlb 1707995908 
D:\srv03rtm\public\sdk\inc\strmif.h d:\srv03rtm\multimedia\published\dxmdev\dshowdev\idl obj\i386\strmif.h 1707995917 
D:\srv03rtm\public\sdk\inc\control.h d:\srv03rtm\multimedia\published\dxmdev\dshowdev\idl obj\i386\control.h 1707995917 
D:\srv03rtm\public\sdk\lib\i386\quartz.tlb d:\srv03rtm\multimedia\published\dxmdev\dshowdev\idl obj\i386\control.tlb 1707995917 
D:\srv03rtm\public\sdk\lib\i386\amstream.tlb d:\srv03rtm\multimedia\published\dxmdev\dshowdev\idl obj\i386\amstream.tlb 1707995917 
D:\srv03rtm\public\sdk\inc\regbag.h d:\srv03rtm\multimedia\published\dxmdev\dshowdev\idl obj\i386\regbag.h 1707995917 
D:\srv03rtm\public\sdk\inc\tuner.h d:\srv03rtm\multimedia\published\dxmdev\dshowdev\idl obj\i386\tuner.h 1707995917 
D:\srv03rtm\public\internal\MultiMedia\inc\tuner.tlb d:\srv03rtm\multimedia\published\dxmdev\dshowdev\idl obj\i386\tuner.tlb 1707995917 
D:\srv03rtm\public\sdk\inc\segment.h d:\srv03rtm\multimedia\published\dxmdev\dshowdev\idl obj\i386\segment.h 1707995917 
D:\srv03rtm\public\sdk\inc\msvidctl.h d:\srv03rtm\multimedia\published\dxmdev\dshowdev\idl obj\i386\msvidctl.h 1707995917 
D:\srv03rtm\public\internal\MultiMedia\inc\msvidctl.tlb d:\srv03rtm\multimedia\published\dxmdev\dshowdev\idl obj\i386\msvidctl.tlb 1707995917 
D:\srv03rtm\public\sdk\inc\bdaiface.h d:\srv03rtm\multimedia\published\dxmdev\dshowdev\idl obj\i386\bdaiface.h 1707995917 
D:\srv03rtm\public\sdk\inc\amstream.h d:\srv03rtm\multimedia\published\dxmdev\dshowdev\idl obj\i386\amstream.h 1707995917 
D:\srv03rtm\public\sdk\inc\mmstream.h d:\srv03rtm\multimedia\published\dxmdev\dshowdev\idl obj\i386\mmstream.h 1707995917 
D:\srv03rtm\public\sdk\inc\ddstream.h d:\srv03rtm\multimedia\published\dxmdev\dshowdev\idl obj\i386\ddstream.h 1707995917 
D:\srv03rtm\public\sdk\inc\austream.h d:\srv03rtm\multimedia\published\dxmdev\dshowdev\idl obj\i386\austream.h 1707995917 
D:\srv03rtm\public\sdk\inc\qedit.h d:\srv03rtm\multimedia\published\dxmdev\dshowdev\idl obj\i386\qedit.h 1707995917 
D:\srv03rtm\public\sdk\inc\qedit_i.c d:\srv03rtm\multimedia\published\dxmdev\dshowdev\idl obj\i386\qedit_i.c 1707995917 
D:\srv03rtm\public\sdk\inc\videoacc.h d:\srv03rtm\multimedia\published\dxmdev\dshowdev\idl obj\i386\videoacc.h 1707995917 
D:\srv03rtm\public\sdk\inc\bdatif.h d:\srv03rtm\multimedia\published\dxmdev\dshowdev\idl obj\i386\bdatif.h 1707995917 
D:\srv03rtm\public\sdk\inc\sbe.h d:\srv03rtm\multimedia\published\dxmdev\dshowdev\idl obj\i386\sbe.h 1707995917 
D:\srv03rtm\public\sdk\inc\TvRatings.h d:\srv03rtm\multimedia\published\dxmdev\dshowdev\idl obj\i386\TvRatings.h 1707995917 
D:\srv03rtm\public\sdk\inc\EncDec.h d:\srv03rtm\multimedia\published\dxmdev\dshowdev\idl obj\i386\EncDec.h 1707995917 
D:\srv03rtm\public\sdk\inc\mixerocx.h d:\srv03rtm\multimedia\published\dxmdev\dshowdev\idl obj\i386\mixerocx.h 1707995917 
D:\srv03rtm\public\sdk\inc\mediaobj.h d:\srv03rtm\multimedia\published\dxmdev\dshowdev\dmodev\idl obj\i386\mediaobj.h 1707995920 
D:\srv03rtm\public\sdk\inc\dmodshow.h d:\srv03rtm\multimedia\published\dxmdev\dshowdev\dmodev\idl obj\i386\dmodshow.h 1707995920 
D:\srv03rtm\public\sdk\inc\medparam.h d:\srv03rtm\multimedia\published\dxmdev\dshowdev\dmodev\idl obj\i386\medparam.h 1707995920 
D:\srv03rtm\public\sdk\inc\mqoai.h d:\srv03rtm\inetsrv\msmq\src\activex\mqoa obj\i386\mqoai.h 1707995931 
D:\srv03rtm\public\internal\InetSrv\lib\i386\ciodm.tlb d:\srv03rtm\inetsrv\published\query obj\i386\ciodm.tlb 1707995933 
D:\srv03rtm\public\internal\InetSrv\inc\ciodmGUID.h d:\srv03rtm\inetsrv\published\query obj\i386\ciodm_i.c 1707995933 
D:\srv03rtm\public\sdk\inc\ciodm.h d:\srv03rtm\inetsrv\published\query obj\i386\ciodm.h 1707995933 
D:\srv03rtm\public\sdk\inc\filtntfy.h d:\srv03rtm\inetsrv\published\query obj\i386\filtntfy.h 1707995933 
D:\srv03rtm\public\sdk\inc\query.h d:\srv03rtm\inetsrv\published\query obj\i386\query.h 1707995933 
D:\srv03rtm\public\sdk\inc\indexsrv.h d:\srv03rtm\inetsrv\published\query obj\i386\indexsrv.h 1707995933 
D:\srv03rtm\public\sdk\inc\ciintf.h d:\srv03rtm\inetsrv\published\query obj\i386\ciintf.h 1707995933 
D:\srv03rtm\public\sdk\inc\fsciclnt.h d:\srv03rtm\inetsrv\published\query obj\i386\fsciclnt.h 1707995933 
D:\srv03rtm\public\sdk\inc\mparser.h d:\srv03rtm\inetsrv\published\query obj\i386\mparser.h 1707995933 
D:\srv03rtm\public\sdk\inc\filter.h d:\srv03rtm\inetsrv\published\query obj\i386\filter.h 1707995933 
D:\srv03rtm\public\sdk\inc\mddefw.h d:\srv03rtm\inetsrv\iis\svcs\infocomm\metadata\interfac D:\srv03rtm\InetSrv\iis\inc\obj\i386\mddefw.h 1707995934 
D:\srv03rtm\public\sdk\inc\iadmw.h d:\srv03rtm\inetsrv\iis\svcs\infocomm\dcomadm\interf2 D:\srv03rtm\InetSrv\iis\inc\obj\i386\iadmw.h 1707995934 
D:\srv03rtm\public\sdk\inc\iwamreg.h d:\srv03rtm\inetsrv\iis\svcs\wam\wamreg\iis60 ..\..\..\..\inc\obj\i386\iwamreg.h 1707995935 
D:\srv03rtm\public\sdk\inc\iisrsta.h d:\srv03rtm\inetsrv\iis\svcs\restart\interfac ..\..\..\inc\obj\i386\iisrsta.h 1707995935 
D:\srv03rtm\public\sdk\inc\iiisext.h d:\srv03rtm\inetsrv\iis\admin\adsi\iisext\iis60 ..\obj\i386\iiisext.h 1707995955 
D:\srv03rtm\public\sdk\inc\iisext_i.c d:\srv03rtm\inetsrv\iis\admin\adsi\iisext\iis60 ..\obj\i386\iisext_i.c 1707995955 
D:\srv03rtm\public\sdk\inc\wia.h d:\srv03rtm\printscan\wia\inc obj\i386\wia.h 1707995961 
D:\srv03rtm\public\ddk\inc\wia.h d:\srv03rtm\printscan\wia\inc obj\i386\wia.h 1707995961 
D:\srv03rtm\public\sdk\lib\i386\wiascr.tlb d:\srv03rtm\printscan\wia\inc obj\i386\wiascr.tlb 1707995961 
D:\srv03rtm\public\sdk\inc\wiavideo.h d:\srv03rtm\printscan\wia\inc obj\i386\wiavideo.h 1707995961 
D:\srv03rtm\public\ddk\inc\wiamindr.h d:\srv03rtm\printscan\wia\inc obj\i386\wiamindr.h 1707995961 
D:\srv03rtm\public\internal\PrintScan\inc\wiaview.h d:\srv03rtm\printscan\ui\webview\camocx\winnt obj\i386\wiaview.h 1707995962 
D:\srv03rtm\public\sdk\inc\bidispl.h d:\srv03rtm\printscan\print\spooler\idl obj\i386\bidispl.h 1707995963 
D:\srv03rtm\public\sdk\inc\FAXCOM.H d:\srv03rtm\printscan\faxsrv\com\win2k D:\srv03rtm\printscan\faxsrv\com\win2k\obj\i386\FAXCOM.H 1707995967 
D:\srv03rtm\public\sdk\inc\FAXCOMEX.H d:\srv03rtm\printscan\faxsrv\com\whistler D:\srv03rtm\printscan\faxsrv\com\whistler\obj\i386\FAXCOMEX.H 1707995967 
D:\srv03rtm\public\sdk\inc\FAXCOM_I.C d:\srv03rtm\printscan\faxsrv\com\win2k D:\srv03rtm\printscan\faxsrv\com\win2k\obj\i386\FAXCOM_I.C 1707995967 
D:\srv03rtm\public\sdk\inc\FAXCOMEX_I.C d:\srv03rtm\printscan\faxsrv\com\whistler D:\srv03rtm\printscan\faxsrv\com\whistler\obj\i386\FAXCOMEX_I.C 1707995967 
D:\srv03rtm\enduser\sakit\common\inc\kitmsg.h d:\srv03rtm\enduser\sakit\sak\frameworks\core\locmgr\kitmsg obj\i386\kitmsg.h 1707995973 
D:\srv03rtm\enduser\sakit\common\inc\sagenmsg.h d:\srv03rtm\enduser\sakit\sak\frameworks\core\sagenmsg obj\i386\sagenmsg.h 1707995974 
D:\srv03rtm\enduser\sakit\common\inc\usermsg.h d:\srv03rtm\enduser\sakit\sak\plugins\usergroup\usermsg obj\i386\usermsg.h 1707995979 
D:\srv03rtm\enduser\sakit\common\inc\alertemailmsg.h d:\srv03rtm\enduser\sakit\sak\plugins\alertemail\source\alertemailmsg obj\i386\alertemailmsg.h 1707995979 
D:\srv03rtm\enduser\sakit\common\inc\selfsigncertmsg.h d:\srv03rtm\enduser\sakit\sak\plugins\selfsigncert\selfsigncertmsg obj\i386\selfsigncertmsg.h 1707995981 
D:\srv03rtm\enduser\sakit\common\inc\appliancetask.h d:\srv03rtm\enduser\sakit\sak\idl obj\i386\appliancetask.h 1707995982 
D:\srv03rtm\enduser\sakit\common\sauuid\appliancetask_i.c d:\srv03rtm\enduser\sakit\sak\idl obj\i386\appliancetask_i.c 1707995982 
D:\srv03rtm\enduser\sakit\common\inc\applianceresource.h d:\srv03rtm\enduser\sakit\sak\idl obj\i386\applianceresource.h 1707995982 
D:\srv03rtm\enduser\sakit\common\sauuid\applianceresource_i.c d:\srv03rtm\enduser\sakit\sak\idl obj\i386\applianceresource_i.c 1707995982 
D:\srv03rtm\enduser\sakit\common\inc\applianceobject.h d:\srv03rtm\enduser\sakit\sak\idl obj\i386\applianceobject.h 1707995982 
D:\srv03rtm\enduser\sakit\common\sauuid\applianceobject_i.c d:\srv03rtm\enduser\sakit\sak\idl obj\i386\applianceobject_i.c 1707995982 
D:\srv03rtm\enduser\sakit\common\inc\taskctx.h d:\srv03rtm\enduser\sakit\sak\idl obj\i386\taskctx.h 1707995982 
D:\srv03rtm\enduser\sakit\common\inc\taskctx.tlb d:\srv03rtm\enduser\sakit\sak\idl obj\i386\taskctx.tlb 1707995982 
D:\srv03rtm\enduser\sakit\common\sauuid\taskctx_i.c d:\srv03rtm\enduser\sakit\sak\idl obj\i386\taskctx_i.c 1707995982 
D:\srv03rtm\enduser\sakit\common\inc\taskcoordinator.h d:\srv03rtm\enduser\sakit\sak\idl obj\i386\taskcoordinator.h 1707995982 
D:\srv03rtm\enduser\sakit\common\inc\taskcoordinator.tlb d:\srv03rtm\enduser\sakit\sak\idl obj\i386\taskcoordinator.tlb 1707995982 
D:\srv03rtm\enduser\sakit\common\sauuid\taskcoordinator_i.c d:\srv03rtm\enduser\sakit\sak\idl obj\i386\taskcoordinator_i.c 1707995982 
D:\srv03rtm\public\sdk\inc\sapi.h D:\srv03rtm\EndUser\Speech\sapi\include obj\i386\sapi.h 1707995983 
D:\srv03rtm\enduser\sakit\common\inc\appsrvcs.h d:\srv03rtm\enduser\sakit\sak\idl obj\i386\appsrvcs.h 1707995982 
D:\srv03rtm\public\sdk\inc\sapiddk.h D:\srv03rtm\EndUser\Speech\sapi\include obj\i386\sapiddk.h 1707995983 
D:\srv03rtm\enduser\sakit\common\sauuid\appsrvcs_i.c d:\srv03rtm\enduser\sakit\sak\idl obj\i386\appsrvcs_i.c 1707995982 
D:\srv03rtm\enduser\sakit\common\inc\appsrvcs.tlb d:\srv03rtm\enduser\sakit\sak\idl obj\i386\appsrvcs.tlb 1707995982 
D:\srv03rtm\enduser\sakit\common\inc\elementmgr.h d:\srv03rtm\enduser\sakit\sak\idl obj\i386\elementmgr.h 1707995982 
D:\srv03rtm\enduser\sakit\common\inc\elementmgr.tlb d:\srv03rtm\enduser\sakit\sak\idl obj\i386\elementmgr.tlb 1707995982 
D:\srv03rtm\enduser\sakit\common\sauuid\elementmgr_i.c d:\srv03rtm\enduser\sakit\sak\idl obj\i386\elementmgr_i.c 1707995982 
D:\srv03rtm\enduser\sakit\common\inc\servicesurrogate.h d:\srv03rtm\enduser\sakit\sak\idl obj\i386\servicesurrogate.h 1707995982 
D:\srv03rtm\enduser\sakit\common\inc\servicesurrogate.tlb d:\srv03rtm\enduser\sakit\sak\idl obj\i386\servicesurrogate.tlb 1707995982 
D:\srv03rtm\enduser\sakit\common\sauuid\servicesurrogate_i.c d:\srv03rtm\enduser\sakit\sak\idl obj\i386\servicesurrogate_i.c 1707995982 
D:\srv03rtm\enduser\sakit\common\inc\salocmgr.h d:\srv03rtm\enduser\sakit\sak\idl obj\i386\salocmgr.h 1707995982 
D:\srv03rtm\enduser\sakit\common\inc\salocmgr.tlb d:\srv03rtm\enduser\sakit\sak\idl obj\i386\salocmgr.tlb 1707995982 
D:\srv03rtm\enduser\sakit\common\sauuid\salocmgr_i.c d:\srv03rtm\enduser\sakit\sak\idl obj\i386\salocmgr_i.c 1707995982 
D:\srv03rtm\enduser\sakit\common\inc\salangchange.h d:\srv03rtm\enduser\sakit\sak\idl obj\i386\salangchange.h 1707995982 
D:\srv03rtm\enduser\sakit\common\sauuid\salangchange_i.c d:\srv03rtm\enduser\sakit\sak\idl obj\i386\salangchange_i.c 1707995982 
D:\srv03rtm\enduser\sakit\common\inc\satransport.h d:\srv03rtm\enduser\sakit\sak\idl obj\i386\satransport.h 1707995982 
D:\srv03rtm\enduser\sakit\common\sauuid\satransport_i.c d:\srv03rtm\enduser\sakit\sak\idl obj\i386\satransport_i.c 1707995982 
D:\srv03rtm\enduser\sakit\common\inc\comhelper.h d:\srv03rtm\enduser\sakit\sak\idl obj\i386\comhelper.h 1707995982 
D:\srv03rtm\enduser\sakit\common\inc\comhelper.tlb d:\srv03rtm\enduser\sakit\sak\idl obj\i386\comhelper.tlb 1707995982 
D:\srv03rtm\enduser\sakit\common\sauuid\comhelper_i.c d:\srv03rtm\enduser\sakit\sak\idl obj\i386\comhelper_i.c 1707995982 
D:\srv03rtm\enduser\sakit\common\inc\servicecontrol.h d:\srv03rtm\enduser\sakit\sak\idl obj\i386\servicecontrol.h 1707995982 
D:\srv03rtm\enduser\sakit\common\sauuid\servicecontrol_i.c d:\srv03rtm\enduser\sakit\sak\idl obj\i386\servicecontrol_i.c 1707995982 
D:\srv03rtm\enduser\sakit\common\inc\initsrvc.h d:\srv03rtm\enduser\sakit\sak\idl obj\i386\initsrvc.h 1707995982 
D:\srv03rtm\enduser\sakit\common\inc\initsrvc.tlb d:\srv03rtm\enduser\sakit\sak\idl obj\i386\initsrvc.tlb 1707995982 
D:\srv03rtm\enduser\sakit\common\sauuid\initsrvc_i.c d:\srv03rtm\enduser\sakit\sak\idl obj\i386\initsrvc_i.c 1707995982 
D:\srv03rtm\enduser\sakit\common\inc\appmgr.h d:\srv03rtm\enduser\sakit\sak\idl obj\i386\appmgr.h 1707995982 
D:\srv03rtm\enduser\sakit\common\inc\appmgr.tlb d:\srv03rtm\enduser\sakit\sak\idl obj\i386\appmgr.tlb 1707995982 
D:\srv03rtm\enduser\sakit\common\sauuid\appmgr_i.c d:\srv03rtm\enduser\sakit\sak\idl obj\i386\appmgr_i.c 1707995982 
D:\srv03rtm\enduser\sakit\common\inc\sahelper.h d:\srv03rtm\enduser\sakit\sak\idl obj\i386\sahelper.h 1707995982 
D:\srv03rtm\enduser\sakit\common\inc\sahelper.tlb d:\srv03rtm\enduser\sakit\sak\idl obj\i386\sahelper.tlb 1707995982 
D:\srv03rtm\enduser\sakit\common\sauuid\sahelper_i.c d:\srv03rtm\enduser\sakit\sak\idl obj\i386\sahelper_i.c 1707995982 
D:\srv03rtm\enduser\sakit\common\inc\saalertboottask.h d:\srv03rtm\enduser\sakit\sak\idl obj\i386\saalertboottask.h 1707995982 
D:\srv03rtm\enduser\sakit\common\inc\saalertboottask.tlb d:\srv03rtm\enduser\sakit\sak\idl obj\i386\saalertboottask.tlb 1707995982 
D:\srv03rtm\enduser\sakit\common\sauuid\saalertboottask_i.c d:\srv03rtm\enduser\sakit\sak\idl obj\i386\saalertboottask_i.c 1707995982 
D:\srv03rtm\enduser\sakit\common\inc\setalertemail.h d:\srv03rtm\enduser\sakit\sak\idl obj\i386\setalertemail.h 1707995982 
D:\srv03rtm\enduser\sakit\common\inc\setalertemail.tlb d:\srv03rtm\enduser\sakit\sak\idl obj\i386\setalertemail.tlb 1707995982 
D:\srv03rtm\enduser\sakit\common\sauuid\setalertemail_i.c d:\srv03rtm\enduser\sakit\sak\idl obj\i386\setalertemail_i.c 1707995982 
D:\srv03rtm\public\internal\Windows\lib\.\i386\conlibk.lib D:\srv03rtm\windows\core\ntcon\client\daytona obj\i386\conlibk.lib 1707996203 
D:\srv03rtm\public\internal\Windows\lib\i386\aimm12.lib D:\srv03rtm\windows\advcore\ctf\aimm1.2\uuid obj\i386\aimm12.lib 1707996275 
D:\srv03rtm\public\internal\Windows\lib\i386\cicsthkl.lib D:\srv03rtm\windows\advcore\ctf\cicsthkl\lib obj\i386\cicsthkl.lib 1707996281 
D:\srv03rtm\public\internal\Windows\lib\i386\DirectUI.lib D:\srv03rtm\windows\advcore\duser\directui\engine\directuilib\gdi obj\i386\DirectUI.lib 1707996296 
D:\srv03rtm\public\internal\Windows\lib\.\i386\avrflib.lib D:\srv03rtm\windows\appcompat\shims\avrflib obj\i386\avrflib.lib 1707996345 
D:\srv03rtm\public\internal\Windows\lib\.\i386\apphelp.lib D:\srv03rtm\windows\appcompat\apphelp obj\i386\apphelp.lib 1707996360 
D:\srv03rtm\public\sdk\lib\WOW6432\i386\ntdll.lib d:\srv03rtm\base\ntdll\wow6432 obj\i386\ntdll.lib 1707996602 
D:\srv03rtm\public\sdk\lib\i386\ntdll.lib d:\srv03rtm\base\ntdll\daytona obj\i386\ntdll.lib 1707996602 
D:\srv03rtm\public\sdk\lib\.\i386\kernl32p.lib D:\srv03rtm\base\win32\client\daytona obj\i386\kernl32p.lib 1707996721 
D:\srv03rtm\public\sdk\lib\.\i386\kernel32.lib D:\srv03rtm\base\win32\client\daytona obj\i386\w32kernel32.lib 1707996721 
D:\srv03rtm\public\sdk\lib\WOW6432\i386\kernl32p.lib D:\srv03rtm\base\win32\client\wow6432 obj\i386\kernl32p.lib 1707996729 
D:\srv03rtm\public\sdk\lib\WOW6432\i386\kernel32.lib D:\srv03rtm\base\win32\client\wow6432 obj\i386\w32kernel32.lib 1707996729 
D:\srv03rtm\public\sdk\lib\i386\cfgmgr.lib D:\srv03rtm\base\pnp\cfgmgr32 obj\i386\cfgmgr.lib 1707996753 
D:\srv03rtm\public\internal\base\lib\i386\winreg.lib D:\srv03rtm\base\screg\winreg\client obj\i386\winreg.lib 1707996862 
D:\srv03rtm\public\internal\base\lib\i386\svcctrl.lib D:\srv03rtm\base\screg\sc\client obj\i386\svcctrl.lib 1707996862 
D:\srv03rtm\public\sdk\lib\i386\elfapi.lib D:\srv03rtm\base\eventlog\elfclnt obj\i386\elfapi.lib 1707996863 
D:\srv03rtm\public\sdk\lib\i386\MSClus.tlb D:\srv03rtm\base\cluster\admin\msclus obj\i386\MSClus.tlb 1707997460 
D:\srv03rtm\public\internal\Admin\lib\i386\idletskc.lib D:\srv03rtm\admin\services\sched\idletask\client obj\i386\idletskc.lib 1707997540 
D:\srv03rtm\public\internal\DS\inc\samrpc.h D:\srv03rtm\ds\published\ds\sam\idl obj\i386\samrpc.h 1707997818 
D:\srv03rtm\public\internal\DS\inc\lsarpc.h D:\srv03rtm\ds\published\lsa obj\i386\lsarpc.h 1707997818 
D:\srv03rtm\public\internal\DS\lib\i386\dpapi.lib D:\srv03rtm\ds\security\cryptoapi\common\dpapi\client D:\srv03rtm\DS\security\lib\obj\..\obj\i386\dpapi.lib 1707997822 
D:\srv03rtm\public\sdk\lib\i386\keysvc.lib D:\srv03rtm\ds\security\cryptoapi\common\keysvc\client obj\i386\keysvc.lib 1707997823 
D:\srv03rtm\public\internal\DS\lib\i386\crypstub.lib D:\srv03rtm\ds\security\cryptoapi\crypstub obj\i386\crypstub.lib 1707997851 
D:\srv03rtm\DS\security\lib\obj\i386\sclogon2.lib D:\srv03rtm\ds\security\services\smartcrd\sclogon2 obj\i386\sclogon2.lib 1707997855 
D:\srv03rtm\public\sdk\lib\i386\certidl.lib D:\srv03rtm\ds\security\services\ca\idl\com obj\i386\certidl.lib 1707997867 
D:\srv03rtm\public\internal\DS\lib\i386\lsaudll.lib D:\srv03rtm\ds\security\base\lsa\uclient\public ..\obj\i386\lsaudll.lib 1707997886 
D:\srv03rtm\public\internal\DS\lib\i386\appmgmt.lib D:\srv03rtm\ds\security\gina\gpext\appmgmt\client obj\i386\appmgmt.lib 1707997939 
D:\srv03rtm\DS\lib\obj\i386\azrolesp.lib D:\srv03rtm\ds\security\azroles obj\i386\azrolesp.lib 1707997948 
D:\srv03rtm\public\internal\DS\lib\i386\mincrypt.lib D:\srv03rtm\ds\win32\ntcrypto\mincrypt obj\i386\mincrypt.lib 1707997956 
D:\srv03rtm\public\internal\DS\lib\i386\locdiag.lib D:\srv03rtm\ds\netapi\svcdlls\logonsrv\client\locdiag obj\i386\locdiag.lib 1707997970 
D:\srv03rtm\public\internal\DS\lib\i386\seclogon_c.lib D:\srv03rtm\ds\netapi\svcdlls\seclogon\idl obj\i386\seclogon_c.lib 1707997975 
D:\srv03rtm\public\sdk\lib\i386\dnscrcli.lib D:\srv03rtm\ds\dns\resolver\client obj\i386\dnscrcli.lib 1707998044 
D:\srv03rtm\public\sdk\lib\i386\dnsrpc.lib D:\srv03rtm\ds\dns\server\client obj\i386\dnsrpc.lib 1707998047 
D:\srv03rtm\public\internal\Shell\lib\i386\shlproxy.lib D:\srv03rtm\shell\published\inc obj\i386\shlproxy.lib 1707998059 
D:\srv03rtm\public\internal\InetCore\lib\i386\ieproxy.lib D:\srv03rtm\inetcore\published\inc obj\i386\ieproxy.lib 1707998268 
D:\srv03rtm\public\internal\COM\lib\i386\comcatprxy.obj D:\srv03rtm\com\published\idlole\genxie obj\i386\comcat_p.obj 1707998412 
D:\srv03rtm\public\internal\COM\lib\i386\rtifs.lib D:\srv03rtm\com\rpc\runtime\rtifs obj\i386\rtifs.lib 1707998414 
D:\srv03rtm\public\sdk\lib\i386\irnotif.lib D:\srv03rtm\com\mobile\sens\conn\notify obj\i386\irnotif.lib 1707998466 
D:\srv03rtm\public\internal\COM\lib\i386\trkstub.lib D:\srv03rtm\com\svcdlls\trksvcs\trkstub obj\i386\trkstub.lib 1707998466 
D:\srv03rtm\public\internal\COM\lib\i386\senslogn.lib D:\srv03rtm\com\mobile\sens\conn\senslogn obj\i386\senslogn.lib 1707998468 
D:\srv03rtm\public\sdk\lib\i386\mspbase.lib D:\srv03rtm\net\tapi\skywalker\mspbase obj\i386\mspbase.lib 1707998750 
D:\srv03rtm\public\internal\SdkTools\lib\i386\tracectr.lib D:\srv03rtm\sdktools\trace\tracectr obj\i386\tracectr.lib 1707998854 
D:\srv03rtm\public\sdk\lib\i386\winsta.lib D:\srv03rtm\termsrv\winsta\client obj\i386\winsta.lib 1707998894 
D:\srv03rtm\public\sdk\lib\i386\mqoa.tlb D:\srv03rtm\inetsrv\msmq\src\activex\mqoatlb D:\srv03rtm\inetsrv\msmq\src\bins\obj\i386\mqoa.tlb 1707999161 
D:\srv03rtm\public\sdk\lib\i386\mqoa10.tlb D:\srv03rtm\inetsrv\msmq\src\activex\mqoa10 obj\i386\mqoa10.tlb 1707999161 
D:\srv03rtm\public\sdk\lib\i386\mqoa20.tlb D:\srv03rtm\inetsrv\msmq\src\activex\mqoa20 obj\i386\mqoa20.tlb 1707999162 
D:\srv03rtm\public\sdk\lib\i386\iisext.tlb D:\srv03rtm\inetsrv\iis\admin\adsi\iisext\iis60 ..\obj\i386\iisext.tlb 1707999243 
D:\srv03rtm\public\sdk\lib\i386\adsiis.tlb D:\srv03rtm\inetsrv\iis\admin\adsi\adsiis\iis60 ..\obj\i386\adsiis.tlb 1707999244 
D:\srv03rtm\public\internal\inetsrv\inc\Pop3Auth.h D:\srv03rtm\inetsrv\pop3\shared\pop3auth obj\i386\Pop3Auth.h 1707999308 
D:\srv03rtm\public\internal\inetsrv\inc\P3Admin.h D:\srv03rtm\inetsrv\pop3\admin\p3admin obj\i386\P3Admin.h 1707999310 
D:\srv03rtm\net\http\inc\obj\i386\httpkrnl.h d:\srv03rtm\net\published\inc obj\i386\httpkrnl.h 1708000826 
D:\srv03rtm\net\http\inc\obj\i386\httppkrnl.h d:\srv03rtm\net\published\inc obj\i386\httppkrnl.h 1708000826 
D:\srv03rtm\public\internal\Windows\lib\i386\obj\DUser.lib D:\srv03rtm\windows\advcore\duser\engine\duser obj\i386\DUser.lib 1708001232 
D:\srv03rtm\public\internal\base\lib\i386\winreg.lib D:\srv03rtm\base\screg\winreg\client obj\i386\winreg.lib 1708001821 
D:\srv03rtm\public\sdk\lib\i386\elfapi.lib D:\srv03rtm\base\eventlog\elfclnt obj\i386\elfapi.lib 1708001823 
D:\srv03rtm\DS\security\lib\obj\i386\sclogon2.lib D:\srv03rtm\ds\security\services\smartcrd\sclogon2 obj\i386\sclogon2.lib 1708002598 
D:\srv03rtm\DS\lib\obj\i386\azrolesp.lib D:\srv03rtm\ds\security\azroles obj\i386\azrolesp.lib 1708002697 
D:\srv03rtm\public\sdk\lib\i386\adsiis.tlb D:\srv03rtm\inetsrv\iis\admin\adsi\adsiis\iis60 ..\obj\i386\adsiis.tlb 1708004069 
D:\srv03rtm\public\internal\base\lib\i386\winreg.lib D:\srv03rtm\base\screg\winreg\client obj\i386\winreg.lib 1708011168 
D:\srv03rtm\public\internal\Shell\lib\i386\shlproxy.lib D:\srv03rtm\shell\published\inc obj\i386\shlproxy.lib 1708012154 
D:\srv03rtm\public\sdk\lib\i386\adsiis.tlb D:\srv03rtm\inetsrv\iis\admin\adsi\adsiis\iis60 ..\obj\i386\adsiis.tlb 1708013480 
D:\srv03rtm\public\internal\base\lib\i386\winreg.lib D:\srv03rtm\base\screg\winreg\client obj\i386\winreg.lib 1708023971 
D:\srv03rtm\public\sdk\lib\i386\adsiis.tlb D:\srv03rtm\inetsrv\iis\admin\adsi\adsiis\iis60 ..\obj\i386\adsiis.tlb 1708025743 
D:\srv03rtm\public\internal\base\lib\i386\winreg.lib D:\srv03rtm\base\screg\winreg\client obj\i386\winreg.lib 1708027659 
D:\srv03rtm\public\sdk\lib\i386\adsiis.tlb D:\srv03rtm\inetsrv\iis\admin\adsi\adsiis\iis60 ..\obj\i386\adsiis.tlb 1708029478 
D:\srv03rtm\public\internal\base\lib\i386\winreg.lib D:\srv03rtm\base\screg\winreg\client obj\i386\winreg.lib 1708097846 
D:\srv03rtm\public\internal\Shell\lib\i386\shlproxy.lib D:\srv03rtm\shell\published\inc obj\i386\shlproxy.lib 1708099079 
D:\srv03rtm\public\sdk\lib\i386\adsiis.tlb D:\srv03rtm\inetsrv\iis\admin\adsi\adsiis\iis60 ..\obj\i386\adsiis.tlb 1708100223 
D:\srv03rtm\net\http\inc\obj\i386\httpkrnl.h d:\srv03rtm\net\published\inc obj\i386\httpkrnl.h 1708106063 
D:\srv03rtm\net\http\inc\obj\i386\httppkrnl.h d:\srv03rtm\net\published\inc obj\i386\httppkrnl.h 1708106063 
D:\srv03rtm\public\internal\Windows\lib\i386\obj\DUser.lib D:\srv03rtm\windows\advcore\duser\engine\duser obj\i386\DUser.lib 1708106440 
D:\srv03rtm\public\internal\base\lib\i386\winreg.lib D:\srv03rtm\base\screg\winreg\client obj\i386\winreg.lib 1708106988 
D:\srv03rtm\DS\security\lib\obj\i386\sclogon2.lib D:\srv03rtm\ds\security\services\smartcrd\sclogon2 obj\i386\sclogon2.lib 1708107980 
D:\srv03rtm\DS\lib\obj\i386\azrolesp.lib D:\srv03rtm\ds\security\azroles obj\i386\azrolesp.lib 1708108074 
D:\srv03rtm\public\sdk\lib\i386\adsiis.tlb D:\srv03rtm\inetsrv\iis\admin\adsi\adsiis\iis60 ..\obj\i386\adsiis.tlb 1708109383 
D:\srv03rtm\public\internal\base\lib\i386\winreg.lib D:\srv03rtm\base\screg\winreg\client obj\i386\winreg.lib 1708111570 
D:\srv03rtm\public\internal\Shell\lib\i386\shlproxy.lib D:\srv03rtm\shell\published\inc obj\i386\shlproxy.lib 1708112480 
D:\srv03rtm\public\sdk\lib\i386\adsiis.tlb D:\srv03rtm\inetsrv\iis\admin\adsi\adsiis\iis60 ..\obj\i386\adsiis.tlb 1708113677 
D:\srv03rtm\public\internal\base\lib\i386\winreg.lib D:\srv03rtm\base\screg\winreg\client obj\i386\winreg.lib 1708254135 
D:\srv03rtm\public\internal\Shell\lib\i386\shlproxy.lib D:\srv03rtm\shell\published\inc obj\i386\shlproxy.lib 1708255149 
D:\srv03rtm\public\sdk\lib\i386\adsiis.tlb D:\srv03rtm\inetsrv\iis\admin\adsi\adsiis\iis60 ..\obj\i386\adsiis.tlb 1708256334 
D:\srv03rtm\public\internal\base\lib\i386\winreg.lib D:\srv03rtm\base\screg\winreg\client obj\i386\winreg.lib 1708451806 
D:\srv03rtm\public\internal\Shell\lib\i386\shlproxy.lib D:\srv03rtm\shell\published\inc obj\i386\shlproxy.lib 1708452678 
D:\srv03rtm\public\sdk\lib\i386\adsiis.tlb D:\srv03rtm\inetsrv\iis\admin\adsi\adsiis\iis60 ..\obj\i386\adsiis.tlb 1708453833 
D:\srv03rtm\public\internal\Base\inc\ntstatus.dbg d:\srv03rtm\base\published obj\i386\ntstatus.dbg 1709139708 
D:\srv03rtm\public\internal\Base\inc\winerror.dbg d:\srv03rtm\base\published obj\i386\winerror.dbg 1709139708 
D:\srv03rtm\public\sdk\inc\bootefs.h d:\srv03rtm\base\boot\bootcode\etfs obj\i386\bootefs.h 1709139717 
D:\srv03rtm\public\ddk\inc\hbapiwmi.h d:\srv03rtm\drivers\published\ddk\inc obj\i386\hbapiwmi.h 1709139880 
D:\srv03rtm\net\http\inc\obj\i386\httpkrnl.h d:\srv03rtm\net\published\inc obj\i386\httpkrnl.h 1709139897 
D:\srv03rtm\net\http\inc\obj\i386\httppkrnl.h d:\srv03rtm\net\published\inc obj\i386\httppkrnl.h 1709139897 
D:\srv03rtm\public\internal\Windows\lib\i386\obj\DUser.lib D:\srv03rtm\windows\advcore\duser\engine\duser obj\i386\DUser.lib 1709140327 
D:\srv03rtm\public\internal\base\lib\i386\winreg.lib D:\srv03rtm\base\screg\winreg\client obj\i386\winreg.lib 1709140960 
D:\srv03rtm\DS\security\lib\obj\i386\sclogon2.lib D:\srv03rtm\ds\security\services\smartcrd\sclogon2 obj\i386\sclogon2.lib 1709141993 
D:\srv03rtm\DS\lib\obj\i386\azrolesp.lib D:\srv03rtm\ds\security\azroles obj\i386\azrolesp.lib 1709142092 
D:\srv03rtm\public\internal\Shell\lib\i386\shlproxy.lib D:\srv03rtm\shell\published\inc obj\i386\shlproxy.lib 1709142209 
D:\srv03rtm\public\sdk\lib\i386\adsiis.tlb D:\srv03rtm\inetsrv\iis\admin\adsi\adsiis\iis60 ..\obj\i386\adsiis.tlb 1709143453 
D:\srv03rtm\public\internal\Shell\lib\i386\shlproxy.lib D:\srv03rtm\shell\published\inc obj\i386\shlproxy.lib 1709146616 
D:\srv03rtm\public\sdk\lib\i386\adsiis.tlb D:\srv03rtm\inetsrv\iis\admin\adsi\adsiis\iis60 ..\obj\i386\adsiis.tlb 1709147835 
D:\srv03rtm\public\internal\base\lib\i386\winreg.lib D:\srv03rtm\base\screg\winreg\client obj\i386\winreg.lib 1709195037 
D:\srv03rtm\public\internal\Shell\lib\i386\shlproxy.lib D:\srv03rtm\shell\published\inc obj\i386\shlproxy.lib 1709195924 
D:\srv03rtm\public\sdk\lib\i386\adsiis.tlb D:\srv03rtm\inetsrv\iis\admin\adsi\adsiis\iis60 ..\obj\i386\adsiis.tlb 1709197091 
D:\srv03rtm\public\internal\base\lib\i386\winreg.lib D:\srv03rtm\base\screg\winreg\client obj\i386\winreg.lib 1709387490 
D:\srv03rtm\public\internal\Shell\lib\i386\shlproxy.lib D:\srv03rtm\shell\published\inc obj\i386\shlproxy.lib 1709388474 
D:\srv03rtm\public\sdk\lib\i386\adsiis.tlb D:\srv03rtm\inetsrv\iis\admin\adsi\adsiis\iis60 ..\obj\i386\adsiis.tlb 1709389648 
D:\srv03rtm\public\internal\Base\inc\ntstatus.dbg d:\srv03rtm\base\published obj\i386\ntstatus.dbg 1712767577 
D:\srv03rtm\public\internal\Base\inc\winerror.dbg d:\srv03rtm\base\published obj\i386\winerror.dbg 1712767577 
D:\srv03rtm\public\sdk\inc\bootefs.h d:\srv03rtm\base\boot\bootcode\etfs obj\i386\bootefs.h 1712767586 
D:\srv03rtm\public\ddk\inc\hbapiwmi.h d:\srv03rtm\drivers\published\ddk\inc obj\i386\hbapiwmi.h 1712767739 
D:\srv03rtm\net\http\inc\obj\i386\httpkrnl.h d:\srv03rtm\net\published\inc obj\i386\httpkrnl.h 1712767756 
D:\srv03rtm\net\http\inc\obj\i386\httppkrnl.h d:\srv03rtm\net\published\inc obj\i386\httppkrnl.h 1712767756 
D:\srv03rtm\public\internal\Windows\lib\i386\obj\DUser.lib D:\srv03rtm\windows\advcore\duser\engine\duser obj\i386\DUser.lib 1712768184 
D:\srv03rtm\public\internal\base\lib\i386\winreg.lib D:\srv03rtm\base\screg\winreg\client obj\i386\winreg.lib 1712768795 
D:\srv03rtm\DS\security\lib\obj\i386\sclogon2.lib D:\srv03rtm\ds\security\services\smartcrd\sclogon2 obj\i386\sclogon2.lib 1712769573 
D:\srv03rtm\DS\lib\obj\i386\azrolesp.lib D:\srv03rtm\ds\security\azroles obj\i386\azrolesp.lib 1712769668 
D:\srv03rtm\public\internal\Shell\lib\i386\shlproxy.lib D:\srv03rtm\shell\published\inc obj\i386\shlproxy.lib 1712769781 
D:\srv03rtm\public\sdk\lib\i386\adsiis.tlb D:\srv03rtm\inetsrv\iis\admin\adsi\adsiis\iis60 ..\obj\i386\adsiis.tlb 1712770999 
D:\srv03rtm\public\internal\base\lib\i386\winreg.lib D:\srv03rtm\base\screg\winreg\client obj\i386\winreg.lib 1712774372 
D:\srv03rtm\public\sdk\lib\i386\adsiis.tlb D:\srv03rtm\inetsrv\iis\admin\adsi\adsiis\iis60 ..\obj\i386\adsiis.tlb 1712776893 
D:\srv03rtm\public\internal\base\lib\i386\winreg.lib D:\srv03rtm\base\screg\winreg\client obj\i386\winreg.lib 1712779146 
D:\srv03rtm\public\internal\Shell\lib\i386\shlproxy.lib D:\srv03rtm\shell\published\inc obj\i386\shlproxy.lib 1712780176 
D:\srv03rtm\public\sdk\lib\i386\adsiis.tlb D:\srv03rtm\inetsrv\iis\admin\adsi\adsiis\iis60 ..\obj\i386\adsiis.tlb 1712781419 
D:\srv03rtm\public\internal\base\lib\i386\winreg.lib D:\srv03rtm\base\screg\winreg\client obj\i386\winreg.lib 1712823598 
D:\srv03rtm\public\internal\Shell\lib\i386\shlproxy.lib D:\srv03rtm\shell\published\inc obj\i386\shlproxy.lib 1712824798 
D:\srv03rtm\public\sdk\lib\i386\adsiis.tlb D:\srv03rtm\inetsrv\iis\admin\adsi\adsiis\iis60 ..\obj\i386\adsiis.tlb 1712825993 
D:\srv03rtm\public\internal\Base\inc\ntstatus.dbg d:\srv03rtm\base\published obj\i386\ntstatus.dbg 1713009429 
D:\srv03rtm\public\internal\Base\inc\winerror.dbg d:\srv03rtm\base\published obj\i386\winerror.dbg 1713009429 
D:\srv03rtm\public\sdk\inc\bootefs.h d:\srv03rtm\base\boot\bootcode\etfs obj\i386\bootefs.h 1713009439 
D:\srv03rtm\public\ddk\inc\hbapiwmi.h d:\srv03rtm\drivers\published\ddk\inc obj\i386\hbapiwmi.h 1713009602 
D:\srv03rtm\net\http\inc\obj\i386\httpkrnl.h d:\srv03rtm\net\published\inc obj\i386\httpkrnl.h 1713009619 
D:\srv03rtm\net\http\inc\obj\i386\httppkrnl.h d:\srv03rtm\net\published\inc obj\i386\httppkrnl.h 1713009619 
D:\srv03rtm\public\internal\Windows\lib\i386\obj\DUser.lib D:\srv03rtm\windows\advcore\duser\engine\duser obj\i386\DUser.lib 1713010040 
D:\srv03rtm\public\internal\base\lib\i386\winreg.lib D:\srv03rtm\base\screg\winreg\client obj\i386\winreg.lib 1713010666 
D:\srv03rtm\DS\security\lib\obj\i386\sclogon2.lib D:\srv03rtm\ds\security\services\smartcrd\sclogon2 obj\i386\sclogon2.lib 1713011539 
D:\srv03rtm\DS\lib\obj\i386\azrolesp.lib D:\srv03rtm\ds\security\azroles obj\i386\azrolesp.lib 1713011640 
D:\srv03rtm\public\internal\Shell\lib\i386\shlproxy.lib D:\srv03rtm\shell\published\inc obj\i386\shlproxy.lib 1713011767 
D:\srv03rtm\public\sdk\lib\i386\adsiis.tlb D:\srv03rtm\inetsrv\iis\admin\adsi\adsiis\iis60 ..\obj\i386\adsiis.tlb 1713013076 
D:\srv03rtm\public\internal\base\lib\i386\winreg.lib D:\srv03rtm\base\screg\winreg\client obj\i386\winreg.lib 1713015595 
D:\srv03rtm\public\sdk\lib\i386\adsiis.tlb D:\srv03rtm\inetsrv\iis\admin\adsi\adsiis\iis60 ..\obj\i386\adsiis.tlb 1713017837 
D:\srv03rtm\public\internal\Base\inc\ntstatus.dbg d:\srv03rtm\base\published obj\i386\ntstatus.dbg 1713119052 
D:\srv03rtm\public\internal\Base\inc\winerror.dbg d:\srv03rtm\base\published obj\i386\winerror.dbg 1713119052 
D:\srv03rtm\public\sdk\inc\bootefs.h d:\srv03rtm\base\boot\bootcode\etfs obj\i386\bootefs.h 1713119062 
D:\srv03rtm\public\ddk\inc\hbapiwmi.h d:\srv03rtm\drivers\published\ddk\inc obj\i386\hbapiwmi.h 1713119227 
D:\srv03rtm\net\http\inc\obj\i386\httpkrnl.h d:\srv03rtm\net\published\inc obj\i386\httpkrnl.h 1713119246 
D:\srv03rtm\net\http\inc\obj\i386\httppkrnl.h d:\srv03rtm\net\published\inc obj\i386\httppkrnl.h 1713119246 
D:\srv03rtm\public\internal\Windows\lib\i386\obj\DUser.lib D:\srv03rtm\windows\advcore\duser\engine\duser obj\i386\DUser.lib 1713119607 
D:\srv03rtm\public\internal\base\lib\i386\winreg.lib D:\srv03rtm\base\screg\winreg\client obj\i386\winreg.lib 1713120034 
D:\srv03rtm\DS\security\lib\obj\i386\sclogon2.lib D:\srv03rtm\ds\security\services\smartcrd\sclogon2 obj\i386\sclogon2.lib 1713120759 
D:\srv03rtm\DS\lib\obj\i386\azrolesp.lib D:\srv03rtm\ds\security\azroles obj\i386\azrolesp.lib 1713120863 
D:\srv03rtm\public\sdk\lib\i386\adsiis.tlb D:\srv03rtm\inetsrv\iis\admin\adsi\adsiis\iis60 ..\obj\i386\adsiis.tlb 1713122127 
D:\srv03rtm\public\internal\base\lib\i386\winreg.lib D:\srv03rtm\base\screg\winreg\client obj\i386\winreg.lib 1713124937 
D:\srv03rtm\public\internal\Shell\lib\i386\shlproxy.lib D:\srv03rtm\shell\published\inc obj\i386\shlproxy.lib 1713125909 
D:\srv03rtm\public\sdk\lib\i386\adsiis.tlb D:\srv03rtm\inetsrv\iis\admin\adsi\adsiis\iis60 ..\obj\i386\adsiis.tlb 1713126897 
D:\srv03rtm\public\internal\base\lib\i386\winreg.lib D:\srv03rtm\base\screg\winreg\client obj\i386\winreg.lib 1713283197 
D:\srv03rtm\public\sdk\lib\i386\adsiis.tlb D:\srv03rtm\inetsrv\iis\admin\adsi\adsiis\iis60 ..\obj\i386\adsiis.tlb 1713285156 
D:\srv03rtm\public\internal\base\lib\i386\winreg.lib D:\srv03rtm\base\screg\winreg\client obj\i386\winreg.lib 1713294868 
D:\srv03rtm\public\internal\Shell\lib\i386\shlproxy.lib D:\srv03rtm\shell\published\inc obj\i386\shlproxy.lib 1713295852 
D:\srv03rtm\public\sdk\lib\i386\adsiis.tlb D:\srv03rtm\inetsrv\iis\admin\adsi\adsiis\iis60 ..\obj\i386\adsiis.tlb 1713296925 
D:\srv03rtm\public\internal\base\lib\i386\winreg.lib D:\srv03rtm\base\screg\winreg\client obj\i386\winreg.lib 1713301158 
D:\srv03rtm\public\sdk\lib\i386\adsiis.tlb D:\srv03rtm\inetsrv\iis\admin\adsi\adsiis\iis60 ..\obj\i386\adsiis.tlb 1713303013 
D:\srv03rtm\public\internal\Base\inc\ntstatus.dbg d:\srv03rtm\base\published obj\i386\ntstatus.dbg 1714331320 
D:\srv03rtm\public\internal\Base\inc\winerror.dbg d:\srv03rtm\base\published obj\i386\winerror.dbg 1714331320 
D:\srv03rtm\public\sdk\inc\bootefs.h d:\srv03rtm\base\boot\bootcode\etfs obj\i386\bootefs.h 1714331329 
D:\srv03rtm\public\ddk\inc\hbapiwmi.h d:\srv03rtm\drivers\published\ddk\inc obj\i386\hbapiwmi.h 1714331477 
D:\srv03rtm\net\http\inc\obj\i386\httpkrnl.h d:\srv03rtm\net\published\inc obj\i386\httpkrnl.h 1714331495 
D:\srv03rtm\net\http\inc\obj\i386\httppkrnl.h d:\srv03rtm\net\published\inc obj\i386\httppkrnl.h 1714331495 
D:\srv03rtm\public\internal\Windows\lib\i386\obj\DUser.lib D:\srv03rtm\windows\advcore\duser\engine\duser obj\i386\DUser.lib 1714331824 
D:\srv03rtm\public\internal\base\lib\i386\winreg.lib D:\srv03rtm\base\screg\winreg\client obj\i386\winreg.lib 1714332220 
D:\srv03rtm\DS\security\lib\obj\i386\sclogon2.lib D:\srv03rtm\ds\security\services\smartcrd\sclogon2 obj\i386\sclogon2.lib 1714332789 
D:\srv03rtm\DS\lib\obj\i386\azrolesp.lib D:\srv03rtm\ds\security\azroles obj\i386\azrolesp.lib 1714332886 
D:\srv03rtm\public\sdk\lib\i386\adsiis.tlb D:\srv03rtm\inetsrv\iis\admin\adsi\adsiis\iis60 ..\obj\i386\adsiis.tlb 1714334071 
D:\srv03rtm\public\internal\base\lib\i386\winreg.lib D:\srv03rtm\base\screg\winreg\client obj\i386\winreg.lib 1714336069 
D:\srv03rtm\public\internal\Shell\lib\i386\shlproxy.lib D:\srv03rtm\shell\published\inc obj\i386\shlproxy.lib 1714336962 
D:\srv03rtm\public\sdk\lib\i386\adsiis.tlb D:\srv03rtm\inetsrv\iis\admin\adsi\adsiis\iis60 ..\obj\i386\adsiis.tlb 1714338044 
D:\srv03rtm\public\sdk\lib\i386\adsiis.tlb D:\srv03rtm\inetsrv\iis\admin\adsi\adsiis\iis60 ..\obj\i386\adsiis.tlb 1714389106 
D:\srv03rtm\public\internal\base\lib\i386\winreg.lib D:\srv03rtm\base\screg\winreg\client obj\i386\winreg.lib 1714399787 
D:\srv03rtm\public\internal\Shell\lib\i386\shlproxy.lib D:\srv03rtm\shell\published\inc obj\i386\shlproxy.lib 1714400811 
D:\srv03rtm\public\sdk\lib\i386\adsiis.tlb D:\srv03rtm\inetsrv\iis\admin\adsi\adsiis\iis60 ..\obj\i386\adsiis.tlb 1714402037 
